!SESSION 2012-11-14 15:23:58.266 -----------------------------------------------
eclipse.buildId=unknown
java.version=1.6.0_16
java.vendor=Sun Microsystems Inc.
BootLoader constants: OS=linux, ARCH=x86, WS=gtk, NL=fr_FR
Framework arguments:  -d32
Command-line arguments:  -d32 -console -clean -configuration config-host

!ENTRY org.eclipse.equinox.http.jetty 4 0 2012-11-14 15:23:58.903
!MESSAGE 
!STACK 0
org.osgi.framework.BundleException: The bundle "org.eclipse.equinox.http.jetty_2.0.0.v20100503 [3]" could not be resolved. Reason: Missing Constraint: Import-Package: javax.servlet; version="[2.5.0,2.6.0)"
	at org.eclipse.osgi.framework.internal.core.AbstractBundle.getResolverError(AbstractBundle.java:1317)
	at org.eclipse.osgi.framework.internal.core.AbstractBundle.getResolutionFailureException(AbstractBundle.java:1301)
	at org.eclipse.osgi.framework.internal.core.BundleHost.startWorker(BundleHost.java:319)
	at org.eclipse.osgi.framework.internal.core.AbstractBundle.resume(AbstractBundle.java:374)
	at org.eclipse.osgi.framework.internal.core.Framework.resumeBundle(Framework.java:1067)
	at org.eclipse.osgi.framework.internal.core.StartLevelManager.resumeBundles(StartLevelManager.java:561)
	at org.eclipse.osgi.framework.internal.core.StartLevelManager.resumeBundles(StartLevelManager.java:546)
	at org.eclipse.osgi.framework.internal.core.StartLevelManager.incFWSL(StartLevelManager.java:459)
	at org.eclipse.osgi.framework.internal.core.StartLevelManager.doSetStartLevel(StartLevelManager.java:243)
	at org.eclipse.osgi.framework.internal.core.StartLevelManager.dispatchEvent(StartLevelManager.java:440)
	at org.eclipse.osgi.framework.eventmgr.EventManager.dispatchEvent(EventManager.java:227)
	at org.eclipse.osgi.framework.eventmgr.EventManager$EventThread.run(EventManager.java:337)
